<?xml version="1.0" encoding="UTF-8"?>
<!-- Generated by org.testng.reporters.JUnitReportReporter -->
<testsuite hostname="RUBY-VAIO" name="com.crm.admintest.AdminTest" tests="1" failures="0" timestamp="10 May 2019 06:57:36 GMT" time="14.306" errors="0">
  <testcase name="edit_OrgAndCont_CustomPrivilegeRule" time="14.306" classname="com.crm.admintest.AdminTest"/>
</testsuite> <!-- com.crm.admintest.AdminTest -->
